<?xml version="1.0" encoding="UTF-8"?>
<!-- Generated by org.testng.reporters.JUnitXMLReporter -->
<testsuite ignored="0" hostname="DESKTOP-TDKKLRD" failures="1" tests="1" name="BankingApp Test(failed)" time="11.676" errors="0" timestamp="25 Oct 2019 12:21:03 GMT">
  <testcase classname="com.entel.tests.TC_LoginTest" name="logintest" time="0.01">
    <failure type="java.lang.AssertionError">
      <![CDATA[java.lang.AssertionError
at org.junit.Assert.fail(Assert.java:86)
at org.junit.Assert.assertTrue(Assert.java:41)
at org.junit.Assert.assertTrue(Assert.java:52)
at com.entel.tests.TC_LoginTest.logintest(TC_LoginTest.java:26)
... Removed 25 stack frames]]>
    </failure>
  </testcase> <!-- logintest -->
</testsuite> <!-- BankingApp Test(failed) -->
