<?xml version="1.0" encoding="UTF-8"?>
<!-- Generated by org.testng.reporters.JUnitXMLReporter -->
<testsuite ignored="0" hostname="DESKTOP-TDKKLRD" failures="2" tests="2" name="Tests" time="44.583" errors="0" timestamp="03 Nov 2019 07:51:17 GMT">
  <testcase classname="com.entel.tests.TC_ValidLoginTest" name="validCredentialsLogintest" time="16.547">
    <failure type="java.lang.AssertionError" message="expected [true] but found [false]">
      <![CDATA[java.lang.AssertionError: expected [true] but found [false]
at com.entel.tests.BaseClass.checkCondition(BaseClass.java:107)
at com.entel.tests.TC_ValidLoginTest.validCredentialsLogintest(TC_ValidLoginTest.java:22)
... Removed 32 stack frames]]>
    </failure>
  </testcase> <!-- validCredentialsLogintest -->
  <testcase classname="com.entel.tests.TC_InValidLoginTest" name="inValidCredentialsLogintest" time="16.546">
    <failure type="java.lang.AssertionError" message="expected [true] but found [false]">
      <![CDATA[java.lang.AssertionError: expected [true] but found [false]
at com.entel.tests.BaseClass.checkCondition(BaseClass.java:107)
at com.entel.tests.TC_InValidLoginTest.inValidCredentialsLogintest(TC_InValidLoginTest.java:24)
... Removed 32 stack frames]]>
    </failure>
  </testcase> <!-- inValidCredentialsLogintest -->
</testsuite> <!-- Tests -->
